mode: set
cardealership/services/mockinterfaces.go:28.51,32.2 3 1
cardealership/services/mockinterfaces.go:35.49,37.2 1 1
cardealership/services/mockinterfaces.go:40.88,46.2 5 1
cardealership/services/mockinterfaces.go:49.79,52.2 2 1
cardealership/services/mockinterfaces.go:55.71,60.2 4 1
cardealership/services/mockinterfaces.go:63.79,66.2 2 1
cardealership/services/mockinterfaces.go:69.83,75.2 5 1
cardealership/services/mockinterfaces.go:78.76,81.2 2 1
cardealership/services/mockinterfaces.go:84.100,90.2 5 1
cardealership/services/mockinterfaces.go:93.89,96.2 2 1
cardealership/services/mockinterfaces.go:99.88,105.2 5 1
cardealership/services/mockinterfaces.go:108.79,111.2 2 1
cardealership/services/mockinterfaces.go:125.57,129.2 3 1
cardealership/services/mockinterfaces.go:132.55,134.2 1 1
cardealership/services/mockinterfaces.go:137.100,143.2 5 1
cardealership/services/mockinterfaces.go:146.85,149.2 2 1
cardealership/services/mockinterfaces.go:152.77,157.2 4 1
cardealership/services/mockinterfaces.go:160.85,163.2 2 1
cardealership/services/mockinterfaces.go:166.92,172.2 5 1
cardealership/services/mockinterfaces.go:175.82,178.2 2 1
cardealership/services/mockinterfaces.go:181.100,187.2 5 1
cardealership/services/mockinterfaces.go:190.85,193.2 2 1
cardealership/services/services.go:15.36,17.2 1 1
cardealership/services/services.go:20.39,21.40 1 1
cardealership/services/services.go:25.2,26.59 1 1
cardealership/services/services.go:30.2,30.91 1 1
cardealership/services/services.go:34.2,34.60 1 1
cardealership/services/services.go:48.2,48.28 1 1
cardealership/services/services.go:62.2,62.12 1 1
cardealership/services/services.go:21.40,23.3 1 1
cardealership/services/services.go:26.59,28.3 1 1
cardealership/services/services.go:30.91,32.3 1 1
cardealership/services/services.go:34.60,35.35 1 1
cardealership/services/services.go:39.3,39.36 1 1
cardealership/services/services.go:43.3,43.28 1 1
cardealership/services/services.go:35.35,37.4 1 1
cardealership/services/services.go:39.36,41.4 1 1
cardealership/services/services.go:43.28,45.4 1 1
cardealership/services/services.go:48.28,49.35 1 1
cardealership/services/services.go:53.3,53.36 1 1
cardealership/services/services.go:57.3,57.27 1 1
cardealership/services/services.go:49.35,51.4 1 1
cardealership/services/services.go:53.36,55.4 1 1
cardealership/services/services.go:57.27,59.4 1 1
cardealership/services/services.go:66.83,68.16 2 1
cardealership/services/services.go:72.2,74.16 2 1
cardealership/services/services.go:78.2,82.16 3 1
cardealership/services/services.go:86.2,88.20 2 1
cardealership/services/services.go:68.16,70.3 1 1
cardealership/services/services.go:74.16,76.3 1 1
cardealership/services/services.go:82.16,84.3 1 1
cardealership/services/services.go:91.81,95.16 2 1
cardealership/services/services.go:99.2,101.16 2 1
cardealership/services/services.go:105.2,107.15 2 1
cardealership/services/services.go:95.16,97.3 1 1
cardealership/services/services.go:101.16,103.3 1 1
cardealership/services/services.go:111.65,113.16 2 1
cardealership/services/services.go:117.2,118.16 2 1
cardealership/services/services.go:122.2,123.16 2 1
cardealership/services/services.go:127.2,127.12 1 1
cardealership/services/services.go:113.16,115.3 1 1
cardealership/services/services.go:118.16,120.3 1 1
cardealership/services/services.go:123.16,125.3 1 1
cardealership/services/services.go:131.83,133.16 2 1
cardealership/services/services.go:137.2,138.16 2 1
cardealership/services/services.go:142.2,143.16 2 1
cardealership/services/services.go:147.2,150.16 3 1
cardealership/services/services.go:154.2,156.18 2 1
cardealership/services/services.go:133.16,135.3 1 1
cardealership/services/services.go:138.16,140.3 1 1
cardealership/services/services.go:143.16,145.3 1 1
cardealership/services/services.go:150.16,152.3 1 1
cardealership/services/services.go:160.93,162.41 1 1
cardealership/services/services.go:166.2,167.16 2 1
cardealership/services/services.go:171.2,171.14 1 1
cardealership/services/services.go:183.2,183.17 1 0
cardealership/services/services.go:162.41,164.3 1 1
cardealership/services/services.go:167.16,169.3 1 1
cardealership/services/services.go:171.14,172.33 1 1
cardealership/services/services.go:172.33,175.17 2 1
cardealership/services/services.go:179.4,179.27 1 0
cardealership/services/services.go:175.17,177.5 1 1
